<?xml version="1.0" encoding="UTF-8"?>
<testsuite name="com.example.levani.builditbigger.jokecloud.EndpointTest" tests="1" skipped="0" failures="0" errors="0" timestamp="2015-09-22T02:36:24" hostname="levan-iordanishvilis-macbook-pro-15.local" time="0.072">
  <properties/>
  <testcase name="test" classname="com.example.levani.builditbigger.jokecloud.EndpointTest" time="0.072"/>
  <system-out><![CDATA[]]></system-out>
  <system-err><![CDATA[]]></system-err>
</testsuite>
